<?xml version="1.0" encoding="UTF-8"?>
<testng-results ignored="0" total="1" passed="1" failed="0" skipped="0">
  <reporter-output>
  </reporter-output>
  <suite started-at="2025-11-22T18:41:30 IST" name="Default suite" finished-at="2025-11-22T18:41:32 IST" duration-ms="1470">
    <groups>
    </groups>
    <test started-at="2025-11-22T18:41:30 IST" name="Default test" finished-at="2025-11-22T18:41:32 IST" duration-ms="1470">
      <class name="com.api.test.LoginAPITest3">
        <test-method signature="loginTest()[pri:0, instance:com.api.test.LoginAPITest3@23c30a20]" started-at="2025-11-22T18:41:30 IST" name="loginTest" description="Verify if login test API is working" finished-at="2025-11-22T18:41:32 IST" duration-ms="1436" status="PASS">
          <reporter-output>
          </reporter-output>
        </test-method> <!-- loginTest -->
      </class> <!-- com.api.test.LoginAPITest3 -->
    </test> <!-- Default test -->
  </suite> <!-- Default suite -->
</testng-results>
